Using pre-set license
Built from '2022.3/release' branch; Version is '2022.3.5f1 (9674261d40ee) revision 9860134'; Using compiler version '192829333'; Build Type 'Release'
OS: 'Windows 11  (10.0.22631) 64bit Professional' Language: 'en' Physical Memory: 32482 MB
BatchMode: 1, IsHumanControllingUs: 0, StartBugReporterOnCrash: 0, Is64bit: 1, IsPro: 1

COMMAND LINE ARGUMENTS:
C:\Program Files\Unity Hub\2022.3.5f1\Editor\Unity.exe
-adb2
-batchMode
-noUpm
-name
AssetImportWorker0
-projectPath
C:/Users/402941/Desktop/AdelleUnityWk2/OooFun
-logFile
Logs/AssetImportWorker0.log
-srvPort
56153
Successfully changed project path to: C:/Users/402941/Desktop/AdelleUnityWk2/OooFun
C:/Users/402941/Desktop/AdelleUnityWk2/OooFun
[UnityMemory] Configuration Parameters - Can be set up in boot.config
    "memorysetup-bucket-allocator-granularity=16"
    "memorysetup-bucket-allocator-bucket-count=8"
    "memorysetup-bucket-allocator-block-size=33554432"
    "memorysetup-bucket-allocator-block-count=8"
    "memorysetup-main-allocator-block-size=16777216"
    "memorysetup-thread-allocator-block-size=16777216"
    "memorysetup-gfx-main-allocator-block-size=16777216"
    "memorysetup-gfx-thread-allocator-block-size=16777216"
    "memorysetup-cache-allocator-block-size=4194304"
    "memorysetup-typetree-allocator-block-size=2097152"
    "memorysetup-profiler-bucket-allocator-granularity=16"
    "memorysetup-profiler-bucket-allocator-bucket-count=8"
    "memorysetup-profiler-bucket-allocator-block-size=33554432"
    "memorysetup-profiler-bucket-allocator-block-count=8"
    "memorysetup-profiler-allocator-block-size=16777216"
    "memorysetup-profiler-editor-allocator-block-size=1048576"
    "memorysetup-temp-allocator-size-main=16777216"
    "memorysetup-job-temp-allocator-block-size=2097152"
    "memorysetup-job-temp-allocator-block-size-background=1048576"
    "memorysetup-job-temp-allocator-reduction-small-platforms=262144"
    "memorysetup-allocator-temp-initial-block-size-main=262144"
    "memorysetup-allocator-temp-initial-block-size-worker=262144"
    "memorysetup-temp-allocator-size-background-worker=32768"
    "memorysetup-temp-allocator-size-job-worker=262144"
    "memorysetup-temp-allocator-size-preload-manager=33554432"
    "memorysetup-temp-allocator-size-nav-mesh-worker=65536"
    "memorysetup-temp-allocator-size-audio-worker=65536"
    "memorysetup-temp-allocator-size-cloud-worker=32768"
    "memorysetup-temp-allocator-size-gi-baking-worker=262144"
    "memorysetup-temp-allocator-size-gfx=262144"
Player connection [14568] Host "[IP] 172.23.16.98 [Port] 0 [Flags] 2 [Guid] 283514197 [EditorId] 283514197 [Version] 1048832 [Id] WindowsEditor(7,916-IAM-147-18) [Debug] 1 [PackageName] WindowsEditor [ProjectName] Editor" joined multi-casting on [225.0.0.222:54997]...

Player connection [14568] Host "[IP] 172.23.16.98 [Port] 0 [Flags] 2 [Guid] 283514197 [EditorId] 283514197 [Version] 1048832 [Id] WindowsEditor(7,916-IAM-147-18) [Debug] 1 [PackageName] WindowsEditor [ProjectName] Editor" joined alternative multi-casting on [225.0.0.222:34997]...

Refreshing native plugins compatible for Editor in 6.32 ms, found 3 plugins.
Preloading 0 native plugins for Editor in 0.00 ms.
Initialize engine version: 2022.3.5f1 (9674261d40ee)
[Subsystems] Discovering subsystems at path C:/Program Files/Unity Hub/2022.3.5f1/Editor/Data/Resources/UnitySubsystems
[Subsystems] Discovering subsystems at path C:/Users/402941/Desktop/AdelleUnityWk2/OooFun/Assets
GfxDevice: creating device client; threaded=0; jobified=0
Direct3D:
    Version:  Direct3D 11.0 [level 11.1]
    Renderer: NVIDIA GeForce RTX 3060 (ID=0x2504)
    Vendor:   NVIDIA
    VRAM:     12129 MB
    Driver:   31.0.15.4665
Initialize mono
Mono path[0] = 'C:/Program Files/Unity Hub/2022.3.5f1/Editor/Data/Managed'
Mono path[1] = 'C:/Program Files/Unity Hub/2022.3.5f1/Editor/Data/MonoBleedingEdge/lib/mono/unityjit-win32'
Mono config path = 'C:/Program Files/Unity Hub/2022.3.5f1/Editor/Data/MonoBleedingEdge/etc'
Using monoOptions --debugger-agent=transport=dt_socket,embedding=1,server=y,suspend=n,address=127.0.0.1:56280
Begin MonoManager ReloadAssembly
Registering precompiled unity dll's ...
Register platform support module: C:/Program Files/Unity Hub/2022.3.5f1/Editor/Data/PlaybackEngines/WebGLSupport/UnityEditor.WebGL.Extensions.dll
Register platform support module: C:/Program Files/Unity Hub/2022.3.5f1/Editor/Data/PlaybackEngines/MacStandaloneSupport/UnityEditor.OSXStandalone.Extensions.dll
Register platform support module: C:/Program Files/Unity Hub/2022.3.5f1/Editor/Data/PlaybackEngines/AndroidPlayer/UnityEditor.Android.Extensions.dll
Register platform support module: C:/Program Files/Unity Hub/2022.3.5f1/Editor/Data/PlaybackEngines/iOSSupport/UnityEditor.iOS.Extensions.dll
Register platform support module: C:/Program Files/Unity Hub/2022.3.5f1/Editor/Data/PlaybackEngines/AppleTVSupport/UnityEditor.AppleTV.Extensions.dll
Register platform support module: C:/Program Files/Unity Hub/2022.3.5f1/Editor/Data/PlaybackEngines/WindowsStandaloneSupport/UnityEditor.WindowsStandalone.Extensions.dll
Register platform support module: C:/Program Files/Unity Hub/2022.3.5f1/Editor/Data/PlaybackEngines/MetroSupport/UnityEditor.UWP.Extensions.dll
Registered in 0.008253 seconds.
- Loaded All Assemblies, in  0.243 seconds
Native extension for UWP target not found
Native extension for WindowsStandalone target not found
[usbmuxd] Start listen thread
[usbmuxd] Listen thread started
Native extension for AppleTV target not found
[usbmuxd] Start listen thread
[usbmuxd] Listen thread started
Native extension for iOS target not found
Native extension for Android target not found
Native extension for OSXStandalone target not found
Native extension for WebGL target not found
Mono: successfully reloaded assembly
- Finished resetting the current domain, in  0.244 seconds
Domain Reload Profiling: 487ms
	BeginReloadAssembly (64ms)
		ExecutionOrderSort (0ms)
		DisableScriptedObjects (0ms)
		BackupInstance (0ms)
		ReleaseScriptingObjects (0ms)
		CreateAndSetChildDomain (1ms)
	RebuildCommonClasses (22ms)
	RebuildNativeTypeToScriptingClass (10ms)
	initialDomainReloadingComplete (44ms)
	LoadAllAssembliesAndSetupDomain (102ms)
		LoadAssemblies (64ms)
		RebuildTransferFunctionScriptingTraits (0ms)
		AnalyzeDomain (97ms)
			TypeCache.Refresh (96ms)
				TypeCache.ScanAssembly (88ms)
			ScanForSourceGeneratedMonoScriptInfo (0ms)
			ResolveRequiredComponents (0ms)
	FinalizeReload (245ms)
		ReleaseScriptCaches (0ms)
		RebuildScriptCaches (0ms)
		SetupLoadedEditorAssemblies (205ms)
			LogAssemblyErrors (0ms)
			InitializePlatformSupportModulesInManaged (90ms)
			SetLoadedEditorAssemblies (3ms)
			RefreshPlugins (0ms)
			BeforeProcessingInitializeOnLoad (1ms)
			ProcessInitializeOnLoadAttributes (75ms)
			ProcessInitializeOnLoadMethodAttributes (36ms)
			AfterProcessingInitializeOnLoad (0ms)
			EditorAssembliesLoaded (0ms)
		ExecutionOrderSort2 (0ms)
		AwakeInstancesAfterBackupRestoration (0ms)
========================================================================
Worker process is ready to serve import requests
Begin MonoManager ReloadAssembly
Symbol file LoadedFromMemory doesn't match image C:\Users\402941\Desktop\AdelleUnityWk2\OooFun\Library\PackageCache\com.unity.visualscripting@1.8.0\Editor\VisualScripting.Core\Dependencies\YamlDotNet\Unity.VisualScripting.YamlDotNet.dll
Symbol file LoadedFromMemory doesn't match image C:\Users\402941\Desktop\AdelleUnityWk2\OooFun\Library\PackageCache\com.unity.visualscripting@1.8.0\Editor\VisualScripting.Core\Dependencies\DotNetZip\Unity.VisualScripting.IonicZip.dll
- Loaded All Assemblies, in  0.502 seconds
Refreshing native plugins compatible for Editor in 2.57 ms, found 3 plugins.
Native extension for UWP target not found
Native extension for WindowsStandalone target not found
Native extension for AppleTV target not found
Native extension for iOS target not found
Native extension for Android target not found
Native extension for OSXStandalone target not found
Native extension for WebGL target not found
Mono: successfully reloaded assembly
- Finished resetting the current domain, in  0.359 seconds
Domain Reload Profiling: 860ms
	BeginReloadAssembly (88ms)
		ExecutionOrderSort (0ms)
		DisableScriptedObjects (4ms)
		BackupInstance (0ms)
		ReleaseScriptingObjects (0ms)
		CreateAndSetChildDomain (15ms)
	RebuildCommonClasses (21ms)
	RebuildNativeTypeToScriptingClass (7ms)
	initialDomainReloadingComplete (30ms)
	LoadAllAssembliesAndSetupDomain (355ms)
		LoadAssemblies (197ms)
		RebuildTransferFunctionScriptingTraits (0ms)
		AnalyzeDomain (200ms)
			TypeCache.Refresh (188ms)
				TypeCache.ScanAssembly (179ms)
			ScanForSourceGeneratedMonoScriptInfo (9ms)
			ResolveRequiredComponents (3ms)
	FinalizeReload (359ms)
		ReleaseScriptCaches (0ms)
		RebuildScriptCaches (0ms)
		SetupLoadedEditorAssemblies (243ms)
			LogAssemblyErrors (0ms)
			InitializePlatformSupportModulesInManaged (27ms)
			SetLoadedEditorAssemblies (3ms)
			RefreshPlugins (0ms)
			BeforeProcessingInitializeOnLoad (39ms)
			ProcessInitializeOnLoadAttributes (157ms)
			ProcessInitializeOnLoadMethodAttributes (14ms)
			AfterProcessingInitializeOnLoad (4ms)
			EditorAssembliesLoaded (0ms)
		ExecutionOrderSort2 (0ms)
		AwakeInstancesAfterBackupRestoration (6ms)
Launched and connected shader compiler UnityShaderCompiler.exe after 0.05 seconds
Refreshing native plugins compatible for Editor in 2.13 ms, found 3 plugins.
Preloading 0 native plugins for Editor in 0.00 ms.
Unloading 3117 Unused Serialized files (Serialized files now loaded: 0)
Unloading 31 unused Assets / (56.4 KB). Loaded Objects now: 3585.
Memory consumption went from 127.4 MB to 127.4 MB.
Total: 2.114700 ms (FindLiveObjects: 0.154500 ms CreateObjectMapping: 0.060300 ms MarkObjects: 1.830600 ms  DeleteObjects: 0.068500 ms)

AssetImportParameters requested are different than current active one (requested -> active):
  custom:container-demuxer-ogg: 62fdf1f143b41e24485cea50d1cbac27 -> 
  custom:video-codec-MediaFoundation-h265: 746d11721c4dcdbdad8f713fa42b33f4 -> 
  custom:video-decoder-ogg-theora: a1e56fd34408186e4bbccfd4996cb3dc -> 
  custom:framework-win-MediaFoundation: 216162199b28c13a410421893ffa2e32 -> 
  custom:CustomObjectIndexerAttribute: 756ad292c208cfabdd7b50bc23989ffe -> 
  custom:container-demuxer-webm: 4f35f7cbe854078d1ac9338744f61a02 -> 
  custom:container-muxer-webm: aa71ff27fc2769a1b78a27578f13a17b -> 
  custom:video-decoder-webm-vp8: 9c59270c3fd7afecdb556c50c9e8de78 -> 
  custom:AudioImporter_EditorPlatform: d09bf68614088b80899f8185d706f6e7 -> 
  custom:video-encoder-webm-vp8: eb34c28f22e8b96e1ab97ce403110664 -> 
  custom:audio-decoder-ogg-vorbis: bf7c407c2cedff20999df2af8eb42d56 -> 
  custom:audio-encoder-webm-vorbis: bf7c407c2cedff20999df2af8eb42d56 -> 
========================================================================
Received Import Request.
  Time since last request: 438730.362542 seconds.
  path: Assets/Scenes/Week3.unity
  artifactKey: Guid(0ed789db83bf5b24eaa7717ff6da9b18) Importer(815301076,1909f56bfc062723c751e8b465ee728b)
Start importing Assets/Scenes/Week3.unity using Guid(0ed789db83bf5b24eaa7717ff6da9b18) Importer(815301076,1909f56bfc062723c751e8b465ee728b)  -> (artifact id: '7abfb35245c85a121fa1a2b2c7407510') in 0.001942 seconds
Number of updated asset objects reloaded before import = 0
Number of asset objects unloaded after import = 0
========================================================================
Received Import Request.
  Time since last request: 677.543177 seconds.
  path: Assets/Scripts/HanoiTower.cs
  artifactKey: Guid(dd44273c804a29e4d85725d640e10153) Importer(815301076,1909f56bfc062723c751e8b465ee728b)
Start importing Assets/Scripts/HanoiTower.cs using Guid(dd44273c804a29e4d85725d640e10153) Importer(815301076,1909f56bfc062723c751e8b465ee728b)  -> (artifact id: '0b4bc1290ec0d4a77bb30350f34984bc') in 0.000869 seconds
Number of updated asset objects reloaded before import = 0
Number of asset objects unloaded after import = 0
========================================================================
Received Prepare
Begin MonoManager ReloadAssembly
Symbol file LoadedFromMemory doesn't match image C:\Users\402941\Desktop\AdelleUnityWk2\OooFun\Library\PackageCache\com.unity.visualscripting@1.8.0\Editor\VisualScripting.Core\Dependencies\YamlDotNet\Unity.VisualScripting.YamlDotNet.dll
Symbol file LoadedFromMemory doesn't match image C:\Users\402941\Desktop\AdelleUnityWk2\OooFun\Library\PackageCache\com.unity.visualscripting@1.8.0\Editor\VisualScripting.Core\Dependencies\DotNetZip\Unity.VisualScripting.IonicZip.dll
- Loaded All Assemblies, in  0.536 seconds
Refreshing native plugins compatible for Editor in 4.22 ms, found 3 plugins.
Native extension for UWP target not found
Native extension for WindowsStandalone target not found
Native extension for AppleTV target not found
Native extension for iOS target not found
Native extension for Android target not found
Native extension for OSXStandalone target not found
Native extension for WebGL target not found
Mono: successfully reloaded assembly
- Finished resetting the current domain, in  0.758 seconds
Domain Reload Profiling: 1293ms
	BeginReloadAssembly (111ms)
		ExecutionOrderSort (0ms)
		DisableScriptedObjects (4ms)
		BackupInstance (0ms)
		ReleaseScriptingObjects (0ms)
		CreateAndSetChildDomain (28ms)
	RebuildCommonClasses (21ms)
	RebuildNativeTypeToScriptingClass (11ms)
	initialDomainReloadingComplete (21ms)
	LoadAllAssembliesAndSetupDomain (370ms)
		LoadAssemblies (200ms)
		RebuildTransferFunctionScriptingTraits (0ms)
		AnalyzeDomain (219ms)
			TypeCache.Refresh (213ms)
				TypeCache.ScanAssembly (206ms)
			ScanForSourceGeneratedMonoScriptInfo (2ms)
			ResolveRequiredComponents (4ms)
	FinalizeReload (758ms)
		ReleaseScriptCaches (0ms)
		RebuildScriptCaches (0ms)
		SetupLoadedEditorAssemblies (317ms)
			LogAssemblyErrors (0ms)
			InitializePlatformSupportModulesInManaged (47ms)
			SetLoadedEditorAssemblies (4ms)
			RefreshPlugins (0ms)
			BeforeProcessingInitializeOnLoad (50ms)
			ProcessInitializeOnLoadAttributes (192ms)
			ProcessInitializeOnLoadMethodAttributes (19ms)
			AfterProcessingInitializeOnLoad (4ms)
			EditorAssembliesLoaded (0ms)
		ExecutionOrderSort2 (0ms)
		AwakeInstancesAfterBackupRestoration (8ms)
Refreshing native plugins compatible for Editor in 4.88 ms, found 3 plugins.
Preloading 0 native plugins for Editor in 0.00 ms.
Unloading 3096 Unused Serialized files (Serialized files now loaded: 0)
Unloading 22 unused Assets / (30.6 KB). Loaded Objects now: 3589.
Memory consumption went from 122.5 MB to 122.4 MB.
Total: 2.262200 ms (FindLiveObjects: 0.136700 ms CreateObjectMapping: 0.055900 ms MarkObjects: 2.035900 ms  DeleteObjects: 0.033200 ms)

Prepare: number of updated asset objects reloaded= 0
AssetImportParameters requested are different than current active one (requested -> active):
  custom:container-demuxer-ogg: 62fdf1f143b41e24485cea50d1cbac27 -> 
  custom:video-codec-MediaFoundation-h265: 746d11721c4dcdbdad8f713fa42b33f4 -> 
  custom:video-decoder-ogg-theora: a1e56fd34408186e4bbccfd4996cb3dc -> 
  custom:framework-win-MediaFoundation: 216162199b28c13a410421893ffa2e32 -> 
  custom:CustomObjectIndexerAttribute: 756ad292c208cfabdd7b50bc23989ffe -> 
  custom:container-demuxer-webm: 4f35f7cbe854078d1ac9338744f61a02 -> 
  custom:container-muxer-webm: aa71ff27fc2769a1b78a27578f13a17b -> 
  custom:video-decoder-webm-vp8: 9c59270c3fd7afecdb556c50c9e8de78 -> 
  custom:AudioImporter_EditorPlatform: d09bf68614088b80899f8185d706f6e7 -> 
  custom:video-encoder-webm-vp8: eb34c28f22e8b96e1ab97ce403110664 -> 
  custom:audio-decoder-ogg-vorbis: bf7c407c2cedff20999df2af8eb42d56 -> 
  custom:audio-encoder-webm-vorbis: bf7c407c2cedff20999df2af8eb42d56 -> 
========================================================================
Received Import Request.
  Time since last request: 8.833920 seconds.
  path: Assets/Scripts/HanoiTower.cs
  artifactKey: Guid(dd44273c804a29e4d85725d640e10153) Importer(815301076,1909f56bfc062723c751e8b465ee728b)
Start importing Assets/Scripts/HanoiTower.cs using Guid(dd44273c804a29e4d85725d640e10153) Importer(815301076,1909f56bfc062723c751e8b465ee728b)  -> (artifact id: '3619f67a980539ee9e334540e5f8c8a2') in 0.002776 seconds
Number of updated asset objects reloaded before import = 0
Number of asset objects unloaded after import = 0
========================================================================
Received Import Request.
  Time since last request: 125.915851 seconds.
  path: Assets/Scripts/HanoiTower.cs
  artifactKey: Guid(dd44273c804a29e4d85725d640e10153) Importer(815301076,1909f56bfc062723c751e8b465ee728b)
Start importing Assets/Scripts/HanoiTower.cs using Guid(dd44273c804a29e4d85725d640e10153) Importer(815301076,1909f56bfc062723c751e8b465ee728b)  -> (artifact id: '2c82339be0ae5c8526da1a03a9728d04') in 0.000416 seconds
Number of updated asset objects reloaded before import = 0
Number of asset objects unloaded after import = 0
========================================================================
Received Import Request.
  Time since last request: 78.778283 seconds.
  path: Assets/Scripts/HanoiTower.cs
  artifactKey: Guid(dd44273c804a29e4d85725d640e10153) Importer(815301076,1909f56bfc062723c751e8b465ee728b)
Start importing Assets/Scripts/HanoiTower.cs using Guid(dd44273c804a29e4d85725d640e10153) Importer(815301076,1909f56bfc062723c751e8b465ee728b)  -> (artifact id: '184ab1a084379480e030540a001bc1de') in 0.000670 seconds
Number of updated asset objects reloaded before import = 0
Number of asset objects unloaded after import = 0
========================================================================
Received Import Request.
  Time since last request: 35.760899 seconds.
  path: Assets/Scripts/HanoiTower.cs
  artifactKey: Guid(dd44273c804a29e4d85725d640e10153) Importer(815301076,1909f56bfc062723c751e8b465ee728b)
Start importing Assets/Scripts/HanoiTower.cs using Guid(dd44273c804a29e4d85725d640e10153) Importer(815301076,1909f56bfc062723c751e8b465ee728b)  -> (artifact id: '3fd3696c5dda874a61aa812202c537ce') in 0.000374 seconds
Number of updated asset objects reloaded before import = 0
Number of asset objects unloaded after import = 0
========================================================================
Received Import Request.
  Time since last request: 11.373283 seconds.
  path: Assets/Scripts/HanoiTower.cs
  artifactKey: Guid(dd44273c804a29e4d85725d640e10153) Importer(815301076,1909f56bfc062723c751e8b465ee728b)
Start importing Assets/Scripts/HanoiTower.cs using Guid(dd44273c804a29e4d85725d640e10153) Importer(815301076,1909f56bfc062723c751e8b465ee728b)  -> (artifact id: 'e5898400edc41e80e31e041b3b2175e6') in 0.000595 seconds
Number of updated asset objects reloaded before import = 0
Number of asset objects unloaded after import = 0
========================================================================
Received Import Request.
  Time since last request: 13.968740 seconds.
  path: Assets/Scripts/HanoiTower.cs
  artifactKey: Guid(dd44273c804a29e4d85725d640e10153) Importer(815301076,1909f56bfc062723c751e8b465ee728b)
Start importing Assets/Scripts/HanoiTower.cs using Guid(dd44273c804a29e4d85725d640e10153) Importer(815301076,1909f56bfc062723c751e8b465ee728b)  -> (artifact id: '47cd076c42b6c21dd1ef87e58e7390f5') in 0.000369 seconds
Number of updated asset objects reloaded before import = 0
Number of asset objects unloaded after import = 0
========================================================================
Received Import Request.
  Time since last request: 192.147161 seconds.
  path: Assets/Scripts/HanoiTower.cs
  artifactKey: Guid(dd44273c804a29e4d85725d640e10153) Importer(815301076,1909f56bfc062723c751e8b465ee728b)
Start importing Assets/Scripts/HanoiTower.cs using Guid(dd44273c804a29e4d85725d640e10153) Importer(815301076,1909f56bfc062723c751e8b465ee728b)  -> (artifact id: 'a941202d416bfe357b6d03446ccf3bc6') in 0.000436 seconds
Number of updated asset objects reloaded before import = 0
Number of asset objects unloaded after import = 0
========================================================================
Received Import Request.
  Time since last request: 56.681863 seconds.
  path: Assets/Scripts/HanoiTower.cs
  artifactKey: Guid(dd44273c804a29e4d85725d640e10153) Importer(815301076,1909f56bfc062723c751e8b465ee728b)
Start importing Assets/Scripts/HanoiTower.cs using Guid(dd44273c804a29e4d85725d640e10153) Importer(815301076,1909f56bfc062723c751e8b465ee728b)  -> (artifact id: 'e406d8ad1ac868da52949c109ec78b68') in 0.000414 seconds
Number of updated asset objects reloaded before import = 0
Number of asset objects unloaded after import = 0
========================================================================
Received Import Request.
  Time since last request: 43.416584 seconds.
  path: Assets/Scripts/HanoiTower.cs
  artifactKey: Guid(dd44273c804a29e4d85725d640e10153) Importer(815301076,1909f56bfc062723c751e8b465ee728b)
Start importing Assets/Scripts/HanoiTower.cs using Guid(dd44273c804a29e4d85725d640e10153) Importer(815301076,1909f56bfc062723c751e8b465ee728b)  -> (artifact id: '14fda4686ed1b31733d8aee97b2e7036') in 0.000991 seconds
Number of updated asset objects reloaded before import = 0
Number of asset objects unloaded after import = 0
========================================================================
Received Import Request.
  Time since last request: 99.030975 seconds.
  path: Assets/Scripts/HanoiTower.cs
  artifactKey: Guid(dd44273c804a29e4d85725d640e10153) Importer(815301076,1909f56bfc062723c751e8b465ee728b)
Start importing Assets/Scripts/HanoiTower.cs using Guid(dd44273c804a29e4d85725d640e10153) Importer(815301076,1909f56bfc062723c751e8b465ee728b)  -> (artifact id: '9b9fcba23796eb3141571d0270e31eab') in 0.000361 seconds
Number of updated asset objects reloaded before import = 0
Number of asset objects unloaded after import = 0
========================================================================
Received Import Request.
  Time since last request: 51.690096 seconds.
  path: Assets/Scripts/HanoiTower.cs
  artifactKey: Guid(dd44273c804a29e4d85725d640e10153) Importer(815301076,1909f56bfc062723c751e8b465ee728b)
Start importing Assets/Scripts/HanoiTower.cs using Guid(dd44273c804a29e4d85725d640e10153) Importer(815301076,1909f56bfc062723c751e8b465ee728b)  -> (artifact id: 'adac057b61b241cb0440fde0db3a4eba') in 0.000729 seconds
Number of updated asset objects reloaded before import = 0
Number of asset objects unloaded after import = 0
========================================================================
Received Import Request.
  Time since last request: 134.424395 seconds.
  path: Assets/Scripts/HanoiTower.cs
  artifactKey: Guid(dd44273c804a29e4d85725d640e10153) Importer(815301076,1909f56bfc062723c751e8b465ee728b)
Start importing Assets/Scripts/HanoiTower.cs using Guid(dd44273c804a29e4d85725d640e10153) Importer(815301076,1909f56bfc062723c751e8b465ee728b)  -> (artifact id: 'd5fd5f44ea90bfbd3367815c9a3e6cac') in 0.000423 seconds
Number of updated asset objects reloaded before import = 0
Number of asset objects unloaded after import = 0
========================================================================
Received Import Request.
  Time since last request: 176.892464 seconds.
  path: Assets/Scripts/HanoiTower.cs
  artifactKey: Guid(dd44273c804a29e4d85725d640e10153) Importer(815301076,1909f56bfc062723c751e8b465ee728b)
Start importing Assets/Scripts/HanoiTower.cs using Guid(dd44273c804a29e4d85725d640e10153) Importer(815301076,1909f56bfc062723c751e8b465ee728b)  -> (artifact id: '37ed8a198bb6f0ac1bb58e3a29aa26e6') in 0.000515 seconds
Number of updated asset objects reloaded before import = 0
Number of asset objects unloaded after import = 0
========================================================================
Received Import Request.
  Time since last request: 94.601221 seconds.
  path: Assets/Scripts/HanoiTower.cs
  artifactKey: Guid(dd44273c804a29e4d85725d640e10153) Importer(815301076,1909f56bfc062723c751e8b465ee728b)
Start importing Assets/Scripts/HanoiTower.cs using Guid(dd44273c804a29e4d85725d640e10153) Importer(815301076,1909f56bfc062723c751e8b465ee728b)  -> (artifact id: '93b442bfede7698799a1af2c9426365d') in 0.000443 seconds
Number of updated asset objects reloaded before import = 0
Number of asset objects unloaded after import = 0
========================================================================
Received Import Request.
  Time since last request: 38.825141 seconds.
  path: Assets/Scripts/HanoiTower.cs
  artifactKey: Guid(dd44273c804a29e4d85725d640e10153) Importer(815301076,1909f56bfc062723c751e8b465ee728b)
Start importing Assets/Scripts/HanoiTower.cs using Guid(dd44273c804a29e4d85725d640e10153) Importer(815301076,1909f56bfc062723c751e8b465ee728b)  -> (artifact id: '6472779b256f174f2396ce84176e28aa') in 0.000428 seconds
Number of updated asset objects reloaded before import = 0
Number of asset objects unloaded after import = 0
========================================================================
Received Import Request.
  Time since last request: 53.626376 seconds.
  path: Assets/Scripts/HanoiTower.cs
  artifactKey: Guid(dd44273c804a29e4d85725d640e10153) Importer(815301076,1909f56bfc062723c751e8b465ee728b)
Start importing Assets/Scripts/HanoiTower.cs using Guid(dd44273c804a29e4d85725d640e10153) Importer(815301076,1909f56bfc062723c751e8b465ee728b)  -> (artifact id: 'dabb672504ac3c488718f82433a82367') in 0.000400 seconds
Number of updated asset objects reloaded before import = 0
Number of asset objects unloaded after import = 0
========================================================================
Received Import Request.
  Time since last request: 102.374498 seconds.
  path: Assets/Scripts/HanoiTower.cs
  artifactKey: Guid(dd44273c804a29e4d85725d640e10153) Importer(815301076,1909f56bfc062723c751e8b465ee728b)
Start importing Assets/Scripts/HanoiTower.cs using Guid(dd44273c804a29e4d85725d640e10153) Importer(815301076,1909f56bfc062723c751e8b465ee728b)  -> (artifact id: 'c4a21583346533630f99a407f65a87dd') in 0.000509 seconds
Number of updated asset objects reloaded before import = 0
Number of asset objects unloaded after import = 0
========================================================================
Received Import Request.
  Time since last request: 79.120288 seconds.
  path: Assets/Scripts/HanoiTower.cs
  artifactKey: Guid(dd44273c804a29e4d85725d640e10153) Importer(815301076,1909f56bfc062723c751e8b465ee728b)
Start importing Assets/Scripts/HanoiTower.cs using Guid(dd44273c804a29e4d85725d640e10153) Importer(815301076,1909f56bfc062723c751e8b465ee728b)  -> (artifact id: '48bb0956bdae6f8052908fcb3f17118b') in 0.000391 seconds
Number of updated asset objects reloaded before import = 0
Number of asset objects unloaded after import = 0
========================================================================
Received Import Request.
  Time since last request: 37.287649 seconds.
  path: Assets/Scripts/HanoiTower.cs
  artifactKey: Guid(dd44273c804a29e4d85725d640e10153) Importer(815301076,1909f56bfc062723c751e8b465ee728b)
Start importing Assets/Scripts/HanoiTower.cs using Guid(dd44273c804a29e4d85725d640e10153) Importer(815301076,1909f56bfc062723c751e8b465ee728b)  -> (artifact id: '949e59b71efce3a1de992a9461584295') in 0.000351 seconds
Number of updated asset objects reloaded before import = 0
Number of asset objects unloaded after import = 0
========================================================================
Received Import Request.
  Time since last request: 16.161255 seconds.
  path: Assets/Scripts/HanoiTower.cs
  artifactKey: Guid(dd44273c804a29e4d85725d640e10153) Importer(815301076,1909f56bfc062723c751e8b465ee728b)
Start importing Assets/Scripts/HanoiTower.cs using Guid(dd44273c804a29e4d85725d640e10153) Importer(815301076,1909f56bfc062723c751e8b465ee728b)  -> (artifact id: '919d1222ff077a31640f7b25b3a4f796') in 0.000424 seconds
Number of updated asset objects reloaded before import = 0
Number of asset objects unloaded after import = 0
========================================================================
Received Import Request.
  Time since last request: 70.174083 seconds.
  path: Assets/Scripts/HanoiTower.cs
  artifactKey: Guid(dd44273c804a29e4d85725d640e10153) Importer(815301076,1909f56bfc062723c751e8b465ee728b)
Start importing Assets/Scripts/HanoiTower.cs using Guid(dd44273c804a29e4d85725d640e10153) Importer(815301076,1909f56bfc062723c751e8b465ee728b)  -> (artifact id: '9a8e61f5c9bc9ee41e16826398ce7846') in 0.000353 seconds
Number of updated asset objects reloaded before import = 0
Number of asset objects unloaded after import = 0
========================================================================
Received Import Request.
  Time since last request: 108.404641 seconds.
  path: Assets/Scripts/HanoiTower.cs
  artifactKey: Guid(dd44273c804a29e4d85725d640e10153) Importer(815301076,1909f56bfc062723c751e8b465ee728b)
Start importing Assets/Scripts/HanoiTower.cs using Guid(dd44273c804a29e4d85725d640e10153) Importer(815301076,1909f56bfc062723c751e8b465ee728b)  -> (artifact id: '19080cb64f48e99da3bcd80fed440982') in 0.000449 seconds
Number of updated asset objects reloaded before import = 0
Number of asset objects unloaded after import = 0
========================================================================
Received Import Request.
  Time since last request: 24.012071 seconds.
  path: Assets/Scripts/HanoiTower.cs
  artifactKey: Guid(dd44273c804a29e4d85725d640e10153) Importer(815301076,1909f56bfc062723c751e8b465ee728b)
Start importing Assets/Scripts/HanoiTower.cs using Guid(dd44273c804a29e4d85725d640e10153) Importer(815301076,1909f56bfc062723c751e8b465ee728b)  -> (artifact id: '4fd030cd51f1f9a65a2d4e2143c45ffd') in 0.000347 seconds
Number of updated asset objects reloaded before import = 0
Number of asset objects unloaded after import = 0
========================================================================
Received Import Request.
  Time since last request: 49.247100 seconds.
  path: Assets/Scripts/HanoiTower.cs
  artifactKey: Guid(dd44273c804a29e4d85725d640e10153) Importer(815301076,1909f56bfc062723c751e8b465ee728b)
Start importing Assets/Scripts/HanoiTower.cs using Guid(dd44273c804a29e4d85725d640e10153) Importer(815301076,1909f56bfc062723c751e8b465ee728b)  -> (artifact id: '84e22e4845fd23cd3d0dd863308fbe35') in 0.000413 seconds
Number of updated asset objects reloaded before import = 0
Number of asset objects unloaded after import = 0
========================================================================
Received Import Request.
  Time since last request: 56.038168 seconds.
  path: Assets/Scripts/HanoiTower.cs
  artifactKey: Guid(dd44273c804a29e4d85725d640e10153) Importer(815301076,1909f56bfc062723c751e8b465ee728b)
Start importing Assets/Scripts/HanoiTower.cs using Guid(dd44273c804a29e4d85725d640e10153) Importer(815301076,1909f56bfc062723c751e8b465ee728b)  -> (artifact id: '217d417c386971680c0336753fb993e4') in 0.000399 seconds
Number of updated asset objects reloaded before import = 0
Number of asset objects unloaded after import = 0
========================================================================
Received Import Request.
  Time since last request: 16.803607 seconds.
  path: Assets/Scripts/HanoiTower.cs
  artifactKey: Guid(dd44273c804a29e4d85725d640e10153) Importer(815301076,1909f56bfc062723c751e8b465ee728b)
Start importing Assets/Scripts/HanoiTower.cs using Guid(dd44273c804a29e4d85725d640e10153) Importer(815301076,1909f56bfc062723c751e8b465ee728b)  -> (artifact id: 'e42c92425b37a109d2a8b2d8f8aeb36e') in 0.000385 seconds
Number of updated asset objects reloaded before import = 0
Number of asset objects unloaded after import = 0
========================================================================
Received Import Request.
  Time since last request: 111.513075 seconds.
  path: Assets/Scripts/HanoiTower.cs
  artifactKey: Guid(dd44273c804a29e4d85725d640e10153) Importer(815301076,1909f56bfc062723c751e8b465ee728b)
Start importing Assets/Scripts/HanoiTower.cs using Guid(dd44273c804a29e4d85725d640e10153) Importer(815301076,1909f56bfc062723c751e8b465ee728b)  -> (artifact id: 'ebcf0d51041ba78c26fbf498b654cb4c') in 0.000489 seconds
Number of updated asset objects reloaded before import = 0
Number of asset objects unloaded after import = 0
========================================================================
Received Import Request.
  Time since last request: 97.478110 seconds.
  path: Assets/Scripts/HanoiTower.cs
  artifactKey: Guid(dd44273c804a29e4d85725d640e10153) Importer(815301076,1909f56bfc062723c751e8b465ee728b)
Start importing Assets/Scripts/HanoiTower.cs using Guid(dd44273c804a29e4d85725d640e10153) Importer(815301076,1909f56bfc062723c751e8b465ee728b)  -> (artifact id: '95d1e830b768041be6d701f1af413c28') in 0.000420 seconds
Number of updated asset objects reloaded before import = 0
Number of asset objects unloaded after import = 0
========================================================================
Received Import Request.
  Time since last request: 49.525687 seconds.
  path: Assets/Scripts/HanoiTower.cs
  artifactKey: Guid(dd44273c804a29e4d85725d640e10153) Importer(815301076,1909f56bfc062723c751e8b465ee728b)
Start importing Assets/Scripts/HanoiTower.cs using Guid(dd44273c804a29e4d85725d640e10153) Importer(815301076,1909f56bfc062723c751e8b465ee728b)  -> (artifact id: 'ca568d3f44e88d49b64bcc3f9e251388') in 0.000405 seconds
Number of updated asset objects reloaded before import = 0
Number of asset objects unloaded after import = 0
========================================================================
Received Import Request.
  Time since last request: 81.154780 seconds.
  path: Assets/Scripts/HanoiTower.cs
  artifactKey: Guid(dd44273c804a29e4d85725d640e10153) Importer(815301076,1909f56bfc062723c751e8b465ee728b)
Start importing Assets/Scripts/HanoiTower.cs using Guid(dd44273c804a29e4d85725d640e10153) Importer(815301076,1909f56bfc062723c751e8b465ee728b)  -> (artifact id: 'd2a482a5113ccd50238868d8a448d698') in 0.000418 seconds
Number of updated asset objects reloaded before import = 0
Number of asset objects unloaded after import = 0
========================================================================
Received Import Request.
  Time since last request: 80.689352 seconds.
  path: Assets/Scripts/HanoiTower.cs
  artifactKey: Guid(dd44273c804a29e4d85725d640e10153) Importer(815301076,1909f56bfc062723c751e8b465ee728b)
Start importing Assets/Scripts/HanoiTower.cs using Guid(dd44273c804a29e4d85725d640e10153) Importer(815301076,1909f56bfc062723c751e8b465ee728b)  -> (artifact id: '38956e9d2a6f538817855dd2a1ee6dc5') in 0.000365 seconds
Number of updated asset objects reloaded before import = 0
Number of asset objects unloaded after import = 0
========================================================================
Received Import Request.
  Time since last request: 30.167899 seconds.
  path: Assets/Scripts/HanoiTower.cs
  artifactKey: Guid(dd44273c804a29e4d85725d640e10153) Importer(815301076,1909f56bfc062723c751e8b465ee728b)
Start importing Assets/Scripts/HanoiTower.cs using Guid(dd44273c804a29e4d85725d640e10153) Importer(815301076,1909f56bfc062723c751e8b465ee728b)  -> (artifact id: '04d7cca256298e3f1e561c234a5f67ca') in 0.000433 seconds
Number of updated asset objects reloaded before import = 0
Number of asset objects unloaded after import = 0
========================================================================
Received Prepare
Begin MonoManager ReloadAssembly
Symbol file LoadedFromMemory doesn't match image C:\Users\402941\Desktop\AdelleUnityWk2\OooFun\Library\PackageCache\com.unity.visualscripting@1.8.0\Editor\VisualScripting.Core\Dependencies\YamlDotNet\Unity.VisualScripting.YamlDotNet.dll
Symbol file LoadedFromMemory doesn't match image C:\Users\402941\Desktop\AdelleUnityWk2\OooFun\Library\PackageCache\com.unity.visualscripting@1.8.0\Editor\VisualScripting.Core\Dependencies\DotNetZip\Unity.VisualScripting.IonicZip.dll
- Loaded All Assemblies, in  0.544 seconds
Refreshing native plugins compatible for Editor in 2.53 ms, found 3 plugins.
Native extension for UWP target not found
Native extension for WindowsStandalone target not found
Native extension for AppleTV target not found
Native extension for iOS target not found
Native extension for Android target not found
Native extension for OSXStandalone target not found
Native extension for WebGL target not found
Mono: successfully reloaded assembly
- Finished resetting the current domain, in  0.651 seconds
Domain Reload Profiling: 1193ms
	BeginReloadAssembly (117ms)
		ExecutionOrderSort (0ms)
		DisableScriptedObjects (4ms)
		BackupInstance (0ms)
		ReleaseScriptingObjects (0ms)
		CreateAndSetChildDomain (28ms)
	RebuildCommonClasses (21ms)
	RebuildNativeTypeToScriptingClass (7ms)
	initialDomainReloadingComplete (28ms)
	LoadAllAssembliesAndSetupDomain (369ms)
		LoadAssemblies (225ms)
		RebuildTransferFunctionScriptingTraits (0ms)
		AnalyzeDomain (197ms)
			TypeCache.Refresh (193ms)
				TypeCache.ScanAssembly (186ms)
			ScanForSourceGeneratedMonoScriptInfo (1ms)
			ResolveRequiredComponents (2ms)
	FinalizeReload (651ms)
		ReleaseScriptCaches (0ms)
		RebuildScriptCaches (0ms)
		SetupLoadedEditorAssemblies (221ms)
			LogAssemblyErrors (0ms)
			InitializePlatformSupportModulesInManaged (26ms)
			SetLoadedEditorAssemblies (3ms)
			RefreshPlugins (0ms)
			BeforeProcessingInitializeOnLoad (35ms)
			ProcessInitializeOnLoadAttributes (139ms)
			ProcessInitializeOnLoadMethodAttributes (12ms)
			AfterProcessingInitializeOnLoad (4ms)
			EditorAssembliesLoaded (0ms)
		ExecutionOrderSort2 (0ms)
		AwakeInstancesAfterBackupRestoration (7ms)
Refreshing native plugins compatible for Editor in 2.12 ms, found 3 plugins.
Preloading 0 native plugins for Editor in 0.00 ms.
Unloading 3096 Unused Serialized files (Serialized files now loaded: 0)
Unloading 22 unused Assets / (30.6 KB). Loaded Objects now: 3592.
Memory consumption went from 122.5 MB to 122.4 MB.
Total: 2.151100 ms (FindLiveObjects: 0.151000 ms CreateObjectMapping: 0.064600 ms MarkObjects: 1.902600 ms  DeleteObjects: 0.032100 ms)

Prepare: number of updated asset objects reloaded= 0
AssetImportParameters requested are different than current active one (requested -> active):
  custom:container-demuxer-ogg: 62fdf1f143b41e24485cea50d1cbac27 -> 
  custom:video-codec-MediaFoundation-h265: 746d11721c4dcdbdad8f713fa42b33f4 -> 
  custom:video-decoder-ogg-theora: a1e56fd34408186e4bbccfd4996cb3dc -> 
  custom:framework-win-MediaFoundation: 216162199b28c13a410421893ffa2e32 -> 
  custom:CustomObjectIndexerAttribute: 756ad292c208cfabdd7b50bc23989ffe -> 
  custom:container-demuxer-webm: 4f35f7cbe854078d1ac9338744f61a02 -> 
  custom:container-muxer-webm: aa71ff27fc2769a1b78a27578f13a17b -> 
  custom:video-decoder-webm-vp8: 9c59270c3fd7afecdb556c50c9e8de78 -> 
  custom:AudioImporter_EditorPlatform: d09bf68614088b80899f8185d706f6e7 -> 
  custom:video-encoder-webm-vp8: eb34c28f22e8b96e1ab97ce403110664 -> 
  custom:audio-decoder-ogg-vorbis: bf7c407c2cedff20999df2af8eb42d56 -> 
  custom:audio-encoder-webm-vorbis: bf7c407c2cedff20999df2af8eb42d56 -> 
========================================================================
Received Import Request.
  Time since last request: 54.834000 seconds.
  path: Assets/Scripts/IfCode.cs
  artifactKey: Guid(7ab913781484f0c48aca10143cb8fab3) Importer(815301076,1909f56bfc062723c751e8b465ee728b)
Start importing Assets/Scripts/IfCode.cs using Guid(7ab913781484f0c48aca10143cb8fab3) Importer(815301076,1909f56bfc062723c751e8b465ee728b)  -> (artifact id: '6bd8b2aae80dc3ce56c929fcf5fc7e86') in 0.002128 seconds
Number of updated asset objects reloaded before import = 0
Number of asset objects unloaded after import = 0
========================================================================
Received Prepare
Begin MonoManager ReloadAssembly
Symbol file LoadedFromMemory doesn't match image C:\Users\402941\Desktop\AdelleUnityWk2\OooFun\Library\PackageCache\com.unity.visualscripting@1.8.0\Editor\VisualScripting.Core\Dependencies\YamlDotNet\Unity.VisualScripting.YamlDotNet.dll
Symbol file LoadedFromMemory doesn't match image C:\Users\402941\Desktop\AdelleUnityWk2\OooFun\Library\PackageCache\com.unity.visualscripting@1.8.0\Editor\VisualScripting.Core\Dependencies\DotNetZip\Unity.VisualScripting.IonicZip.dll
- Loaded All Assemblies, in  0.488 seconds
Refreshing native plugins compatible for Editor in 2.10 ms, found 3 plugins.
Native extension for UWP target not found
Native extension for WindowsStandalone target not found
Native extension for AppleTV target not found
Native extension for iOS target not found
Native extension for Android target not found
Native extension for OSXStandalone target not found
Native extension for WebGL target not found
Mono: successfully reloaded assembly
- Finished resetting the current domain, in  0.704 seconds
Domain Reload Profiling: 1190ms
	BeginReloadAssembly (119ms)
		ExecutionOrderSort (0ms)
		DisableScriptedObjects (3ms)
		BackupInstance (0ms)
		ReleaseScriptingObjects (0ms)
		CreateAndSetChildDomain (28ms)
	RebuildCommonClasses (24ms)
	RebuildNativeTypeToScriptingClass (7ms)
	initialDomainReloadingComplete (21ms)
	LoadAllAssembliesAndSetupDomain (316ms)
		LoadAssemblies (200ms)
		RebuildTransferFunctionScriptingTraits (0ms)
		AnalyzeDomain (175ms)
			TypeCache.Refresh (170ms)
				TypeCache.ScanAssembly (162ms)
			ScanForSourceGeneratedMonoScriptInfo (2ms)
			ResolveRequiredComponents (3ms)
	FinalizeReload (704ms)
		ReleaseScriptCaches (0ms)
		RebuildScriptCaches (0ms)
		SetupLoadedEditorAssemblies (259ms)
			LogAssemblyErrors (0ms)
			InitializePlatformSupportModulesInManaged (38ms)
			SetLoadedEditorAssemblies (4ms)
			RefreshPlugins (0ms)
			BeforeProcessingInitializeOnLoad (53ms)
			ProcessInitializeOnLoadAttributes (148ms)
			ProcessInitializeOnLoadMethodAttributes (12ms)
			AfterProcessingInitializeOnLoad (4ms)
			EditorAssembliesLoaded (0ms)
		ExecutionOrderSort2 (0ms)
		AwakeInstancesAfterBackupRestoration (5ms)
Refreshing native plugins compatible for Editor in 2.33 ms, found 3 plugins.
Preloading 0 native plugins for Editor in 0.00 ms.
Unloading 3096 Unused Serialized files (Serialized files now loaded: 0)
Unloading 22 unused Assets / (30.6 KB). Loaded Objects now: 3595.
Memory consumption went from 122.5 MB to 122.4 MB.
Total: 2.297900 ms (FindLiveObjects: 0.383400 ms CreateObjectMapping: 0.107300 ms MarkObjects: 1.775400 ms  DeleteObjects: 0.030800 ms)

Prepare: number of updated asset objects reloaded= 0
AssetImportParameters requested are different than current active one (requested -> active):
  custom:container-demuxer-ogg: 62fdf1f143b41e24485cea50d1cbac27 -> 
  custom:video-codec-MediaFoundation-h265: 746d11721c4dcdbdad8f713fa42b33f4 -> 
  custom:video-decoder-ogg-theora: a1e56fd34408186e4bbccfd4996cb3dc -> 
  custom:framework-win-MediaFoundation: 216162199b28c13a410421893ffa2e32 -> 
  custom:CustomObjectIndexerAttribute: 756ad292c208cfabdd7b50bc23989ffe -> 
  custom:container-demuxer-webm: 4f35f7cbe854078d1ac9338744f61a02 -> 
  custom:container-muxer-webm: aa71ff27fc2769a1b78a27578f13a17b -> 
  custom:video-decoder-webm-vp8: 9c59270c3fd7afecdb556c50c9e8de78 -> 
  custom:AudioImporter_EditorPlatform: d09bf68614088b80899f8185d706f6e7 -> 
  custom:video-encoder-webm-vp8: eb34c28f22e8b96e1ab97ce403110664 -> 
  custom:audio-decoder-ogg-vorbis: bf7c407c2cedff20999df2af8eb42d56 -> 
  custom:audio-encoder-webm-vorbis: bf7c407c2cedff20999df2af8eb42d56 -> 
