Using pre-set license
Built from '2022.3/release' branch; Version is '2022.3.18f1 (d29bea25151d) revision 13802474'; Using compiler version '192829333'; Build Type 'Release'
OS: 'Windows 11  (10.0.22621) 64bit Core' Language: 'en' Physical Memory: 32604 MB
BatchMode: 1, IsHumanControllingUs: 0, StartBugReporterOnCrash: 0, Is64bit: 1, IsPro: 1

COMMAND LINE ARGUMENTS:
C:\Program Files\Unity\Hub\Editor\2022.3.18f1\Editor\Unity.exe
-adb2
-batchMode
-noUpm
-name
AssetImportWorker16
-projectPath
C:/Users/adell/Desktop/Unity Projects/Week1HelloWorld
-logFile
Logs/AssetImportWorker16.log
-srvPort
59067
Successfully changed project path to: C:/Users/adell/Desktop/Unity Projects/Week1HelloWorld
C:/Users/adell/Desktop/Unity Projects/Week1HelloWorld
[UnityMemory] Configuration Parameters - Can be set up in boot.config
    "memorysetup-bucket-allocator-granularity=16"
    "memorysetup-bucket-allocator-bucket-count=8"
    "memorysetup-bucket-allocator-block-size=33554432"
    "memorysetup-bucket-allocator-block-count=8"
    "memorysetup-main-allocator-block-size=16777216"
    "memorysetup-thread-allocator-block-size=16777216"
    "memorysetup-gfx-main-allocator-block-size=16777216"
    "memorysetup-gfx-thread-allocator-block-size=16777216"
    "memorysetup-cache-allocator-block-size=4194304"
    "memorysetup-typetree-allocator-block-size=2097152"
    "memorysetup-profiler-bucket-allocator-granularity=16"
    "memorysetup-profiler-bucket-allocator-bucket-count=8"
    "memorysetup-profiler-bucket-allocator-block-size=33554432"
    "memorysetup-profiler-bucket-allocator-block-count=8"
    "memorysetup-profiler-allocator-block-size=16777216"
    "memorysetup-profiler-editor-allocator-block-size=1048576"
    "memorysetup-temp-allocator-size-main=16777216"
    "memorysetup-job-temp-allocator-block-size=2097152"
    "memorysetup-job-temp-allocator-block-size-background=1048576"
    "memorysetup-job-temp-allocator-reduction-small-platforms=262144"
    "memorysetup-allocator-temp-initial-block-size-main=262144"
    "memorysetup-allocator-temp-initial-block-size-worker=262144"
    "memorysetup-temp-allocator-size-background-worker=32768"
    "memorysetup-temp-allocator-size-job-worker=262144"
    "memorysetup-temp-allocator-size-preload-manager=33554432"
    "memorysetup-temp-allocator-size-nav-mesh-worker=65536"
    "memorysetup-temp-allocator-size-audio-worker=65536"
    "memorysetup-temp-allocator-size-cloud-worker=32768"
    "memorysetup-temp-allocator-size-gi-baking-worker=262144"
    "memorysetup-temp-allocator-size-gfx=262144"
Player connection [39892] Host "[IP] 192.168.4.20 [Port] 0 [Flags] 2 [Guid] 4115135789 [EditorId] 4115135789 [Version] 1048832 [Id] WindowsEditor(7,adolthefruitbol) [Debug] 1 [PackageName] WindowsEditor [ProjectName] Editor" joined multi-casting on [225.0.0.222:54997]...

Player connection [39892] Host "[IP] 192.168.4.20 [Port] 0 [Flags] 2 [Guid] 4115135789 [EditorId] 4115135789 [Version] 1048832 [Id] WindowsEditor(7,adolthefruitbol) [Debug] 1 [PackageName] WindowsEditor [ProjectName] Editor" joined alternative multi-casting on [225.0.0.222:34997]...

[Physics::Module] Initialized MultithreadedJobDispatcher with 31 workers.
Refreshing native plugins compatible for Editor in 5.34 ms, found 3 plugins.
Preloading 0 native plugins for Editor in 0.00 ms.
Initialize engine version: 2022.3.18f1 (d29bea25151d)
[Subsystems] Discovering subsystems at path C:/Program Files/Unity/Hub/Editor/2022.3.18f1/Editor/Data/Resources/UnitySubsystems
[Subsystems] Discovering subsystems at path C:/Users/adell/Desktop/Unity Projects/Week1HelloWorld/Assets
GfxDevice: creating device client; threaded=0; jobified=0
Direct3D:
    Version:  Direct3D 11.0 [level 11.1]
    Renderer: NVIDIA GeForce RTX 4090 (ID=0x2684)
    Vendor:   NVIDIA
    VRAM:     24156 MB
    Driver:   31.0.15.4617
Initialize mono
Mono path[0] = 'C:/Program Files/Unity/Hub/Editor/2022.3.18f1/Editor/Data/Managed'
Mono path[1] = 'C:/Program Files/Unity/Hub/Editor/2022.3.18f1/Editor/Data/MonoBleedingEdge/lib/mono/unityjit-win32'
Mono config path = 'C:/Program Files/Unity/Hub/Editor/2022.3.18f1/Editor/Data/MonoBleedingEdge/etc'
Using monoOptions --debugger-agent=transport=dt_socket,embedding=1,server=y,suspend=n,address=127.0.0.1:56004
Begin MonoManager ReloadAssembly
Registering precompiled unity dll's ...
Register platform support module: C:/Program Files/Unity/Hub/Editor/2022.3.18f1/Editor/Data/PlaybackEngines/WebGLSupport/UnityEditor.WebGL.Extensions.dll
Register platform support module: C:/Program Files/Unity/Hub/Editor/2022.3.18f1/Editor/Data/PlaybackEngines/WindowsStandaloneSupport/UnityEditor.WindowsStandalone.Extensions.dll
Registered in 0.006381 seconds.
- Loaded All Assemblies, in  0.193 seconds
Native extension for WindowsStandalone target not found
Native extension for WebGL target not found
Mono: successfully reloaded assembly
- Finished resetting the current domain, in  0.134 seconds
Domain Reload Profiling: 325ms
	BeginReloadAssembly (58ms)
		ExecutionOrderSort (0ms)
		DisableScriptedObjects (0ms)
		BackupInstance (0ms)
		ReleaseScriptingObjects (0ms)
		CreateAndSetChildDomain (0ms)
	RebuildCommonClasses (17ms)
	RebuildNativeTypeToScriptingClass (5ms)
	initialDomainReloadingComplete (34ms)
	LoadAllAssembliesAndSetupDomain (77ms)
		LoadAssemblies (57ms)
		RebuildTransferFunctionScriptingTraits (0ms)
		AnalyzeDomain (76ms)
			TypeCache.Refresh (75ms)
				TypeCache.ScanAssembly (68ms)
			ScanForSourceGeneratedMonoScriptInfo (0ms)
			ResolveRequiredComponents (0ms)
	FinalizeReload (134ms)
		ReleaseScriptCaches (0ms)
		RebuildScriptCaches (0ms)
		SetupLoadedEditorAssemblies (104ms)
			LogAssemblyErrors (0ms)
			InitializePlatformSupportModulesInManaged (5ms)
			SetLoadedEditorAssemblies (3ms)
			RefreshPlugins (0ms)
			BeforeProcessingInitializeOnLoad (1ms)
			ProcessInitializeOnLoadAttributes (70ms)
			ProcessInitializeOnLoadMethodAttributes (24ms)
			AfterProcessingInitializeOnLoad (0ms)
			EditorAssembliesLoaded (0ms)
		ExecutionOrderSort2 (0ms)
		AwakeInstancesAfterBackupRestoration (0ms)
========================================================================
Worker process is ready to serve import requests
Begin MonoManager ReloadAssembly
- Loaded All Assemblies, in  0.344 seconds
Refreshing native plugins compatible for Editor in 1.56 ms, found 3 plugins.
Native extension for WindowsStandalone target not found
Native extension for WebGL target not found
Package Manager log level set to [2]
[Package Manager] Server::EnsureServerProcessIsRunning -- launch failed, reason: Unity was launched with the -noUpm command-line argument
[Package Manager] UpmClient::Send -- Unable to send message (not connected to UPM process).
[Package Manager] Cannot connect to Unity Package Manager local server
Mono: successfully reloaded assembly
- Finished resetting the current domain, in  0.287 seconds
Domain Reload Profiling: 629ms
	BeginReloadAssembly (78ms)
		ExecutionOrderSort (0ms)
		DisableScriptedObjects (3ms)
		BackupInstance (0ms)
		ReleaseScriptingObjects (0ms)
		CreateAndSetChildDomain (11ms)
	RebuildCommonClasses (17ms)
	RebuildNativeTypeToScriptingClass (5ms)
	initialDomainReloadingComplete (23ms)
	LoadAllAssembliesAndSetupDomain (217ms)
		LoadAssemblies (168ms)
		RebuildTransferFunctionScriptingTraits (0ms)
		AnalyzeDomain (94ms)
			TypeCache.Refresh (82ms)
				TypeCache.ScanAssembly (74ms)
			ScanForSourceGeneratedMonoScriptInfo (9ms)
			ResolveRequiredComponents (2ms)
	FinalizeReload (288ms)
		ReleaseScriptCaches (0ms)
		RebuildScriptCaches (0ms)
		SetupLoadedEditorAssemblies (214ms)
			LogAssemblyErrors (0ms)
			InitializePlatformSupportModulesInManaged (4ms)
			SetLoadedEditorAssemblies (2ms)
			RefreshPlugins (0ms)
			BeforeProcessingInitializeOnLoad (32ms)
			ProcessInitializeOnLoadAttributes (163ms)
			ProcessInitializeOnLoadMethodAttributes (10ms)
			AfterProcessingInitializeOnLoad (4ms)
			EditorAssembliesLoaded (0ms)
		ExecutionOrderSort2 (0ms)
		AwakeInstancesAfterBackupRestoration (3ms)
Launched and connected shader compiler UnityShaderCompiler.exe after 0.02 seconds
Refreshing native plugins compatible for Editor in 3.10 ms, found 3 plugins.
Preloading 0 native plugins for Editor in 0.00 ms.
Unloading 3587 Unused Serialized files (Serialized files now loaded: 0)
Unloading 41 unused Assets / (401.5 KB). Loaded Objects now: 4049.
Memory consumption went from 158.1 MB to 157.7 MB.
Total: 2.667000 ms (FindLiveObjects: 0.280200 ms CreateObjectMapping: 0.131500 ms MarkObjects: 2.063300 ms  DeleteObjects: 0.190900 ms)

AssetImportParameters requested are different than current active one (requested -> active):
  custom:container-demuxer-ogg: 62fdf1f143b41e24485cea50d1cbac27 -> 
  custom:video-codec-MediaFoundation-h265: 746d11721c4dcdbdad8f713fa42b33f4 -> 
  custom:video-decoder-ogg-theora: a1e56fd34408186e4bbccfd4996cb3dc -> 
  custom:framework-win-MediaFoundation: 216162199b28c13a410421893ffa2e32 -> 
  custom:CustomObjectIndexerAttribute: 6d391050e5a25f67b0a2c618074f2cd9 -> 
  custom:container-demuxer-webm: 4f35f7cbe854078d1ac9338744f61a02 -> 
  custom:container-muxer-webm: aa71ff27fc2769a1b78a27578f13a17b -> 
  custom:video-decoder-webm-vp8: 9c59270c3fd7afecdb556c50c9e8de78 -> 
  custom:SearchIndexIgnoredProperties: e643bd26f0fe6173181afceb89e7c659 -> 
  custom:AudioImporter_EditorPlatform: d09bf68614088b80899f8185d706f6e7 -> 
  custom:video-encoder-webm-vp8: eb34c28f22e8b96e1ab97ce403110664 -> 
  custom:audio-decoder-ogg-vorbis: bf7c407c2cedff20999df2af8eb42d56 -> 
  custom:audio-encoder-webm-vorbis: bf7c407c2cedff20999df2af8eb42d56 -> 
========================================================================
Received Prepare
Begin MonoManager ReloadAssembly
- Loaded All Assemblies, in  0.248 seconds
Refreshing native plugins compatible for Editor in 1.74 ms, found 3 plugins.
Native extension for WindowsStandalone target not found
Native extension for WebGL target not found
[Package Manager] Server::EnsureServerProcessIsRunning -- launch failed, reason: Unity was launched with the -noUpm command-line argument
[Package Manager] UpmClient::Send -- Unable to send message (not connected to UPM process).
[Package Manager] Cannot connect to Unity Package Manager local server
Mono: successfully reloaded assembly
- Finished resetting the current domain, in  0.482 seconds
Domain Reload Profiling: 728ms
	BeginReloadAssembly (88ms)
		ExecutionOrderSort (0ms)
		DisableScriptedObjects (3ms)
		BackupInstance (0ms)
		ReleaseScriptingObjects (0ms)
		CreateAndSetChildDomain (18ms)
	RebuildCommonClasses (19ms)
	RebuildNativeTypeToScriptingClass (6ms)
	initialDomainReloadingComplete (16ms)
	LoadAllAssembliesAndSetupDomain (117ms)
		LoadAssemblies (154ms)
		RebuildTransferFunctionScriptingTraits (0ms)
		AnalyzeDomain (7ms)
			TypeCache.Refresh (4ms)
				TypeCache.ScanAssembly (0ms)
			ScanForSourceGeneratedMonoScriptInfo (0ms)
			ResolveRequiredComponents (2ms)
	FinalizeReload (482ms)
		ReleaseScriptCaches (0ms)
		RebuildScriptCaches (0ms)
		SetupLoadedEditorAssemblies (220ms)
			LogAssemblyErrors (0ms)
			InitializePlatformSupportModulesInManaged (4ms)
			SetLoadedEditorAssemblies (2ms)
			RefreshPlugins (0ms)
			BeforeProcessingInitializeOnLoad (35ms)
			ProcessInitializeOnLoadAttributes (162ms)
			ProcessInitializeOnLoadMethodAttributes (12ms)
			AfterProcessingInitializeOnLoad (4ms)
			EditorAssembliesLoaded (0ms)
		ExecutionOrderSort2 (0ms)
		AwakeInstancesAfterBackupRestoration (4ms)
Refreshing native plugins compatible for Editor in 3.43 ms, found 3 plugins.
Preloading 0 native plugins for Editor in 0.00 ms.
Unloading 3529 Unused Serialized files (Serialized files now loaded: 0)
Unloading 29 unused Assets / (357.5 KB). Loaded Objects now: 4052.
Memory consumption went from 146.6 MB to 146.3 MB.
Total: 3.033200 ms (FindLiveObjects: 0.259500 ms CreateObjectMapping: 0.077600 ms MarkObjects: 2.586300 ms  DeleteObjects: 0.108900 ms)

Prepare: number of updated asset objects reloaded= 0
AssetImportParameters requested are different than current active one (requested -> active):
  custom:container-demuxer-ogg: 62fdf1f143b41e24485cea50d1cbac27 -> 
  custom:video-codec-MediaFoundation-h265: 746d11721c4dcdbdad8f713fa42b33f4 -> 
  custom:video-decoder-ogg-theora: a1e56fd34408186e4bbccfd4996cb3dc -> 
  custom:framework-win-MediaFoundation: 216162199b28c13a410421893ffa2e32 -> 
  custom:CustomObjectIndexerAttribute: 6d391050e5a25f67b0a2c618074f2cd9 -> 
  custom:container-demuxer-webm: 4f35f7cbe854078d1ac9338744f61a02 -> 
  custom:container-muxer-webm: aa71ff27fc2769a1b78a27578f13a17b -> 
  custom:video-decoder-webm-vp8: 9c59270c3fd7afecdb556c50c9e8de78 -> 
  custom:SearchIndexIgnoredProperties: e643bd26f0fe6173181afceb89e7c659 -> 
  custom:AudioImporter_EditorPlatform: d09bf68614088b80899f8185d706f6e7 -> 
  custom:video-encoder-webm-vp8: eb34c28f22e8b96e1ab97ce403110664 -> 
  custom:audio-decoder-ogg-vorbis: bf7c407c2cedff20999df2af8eb42d56 -> 
  custom:audio-encoder-webm-vorbis: bf7c407c2cedff20999df2af8eb42d56 -> 
========================================================================
Received Prepare
Begin MonoManager ReloadAssembly
- Loaded All Assemblies, in  0.238 seconds
Refreshing native plugins compatible for Editor in 2.11 ms, found 3 plugins.
Native extension for WindowsStandalone target not found
Native extension for WebGL target not found
[Package Manager] Server::EnsureServerProcessIsRunning -- launch failed, reason: Unity was launched with the -noUpm command-line argument
[Package Manager] UpmClient::Send -- Unable to send message (not connected to UPM process).
[Package Manager] Cannot connect to Unity Package Manager local server
Mono: successfully reloaded assembly
- Finished resetting the current domain, in  0.474 seconds
Domain Reload Profiling: 710ms
	BeginReloadAssembly (84ms)
		ExecutionOrderSort (0ms)
		DisableScriptedObjects (3ms)
		BackupInstance (0ms)
		ReleaseScriptingObjects (0ms)
		CreateAndSetChildDomain (17ms)
	RebuildCommonClasses (16ms)
	RebuildNativeTypeToScriptingClass (6ms)
	initialDomainReloadingComplete (15ms)
	LoadAllAssembliesAndSetupDomain (115ms)
		LoadAssemblies (150ms)
		RebuildTransferFunctionScriptingTraits (0ms)
		AnalyzeDomain (7ms)
			TypeCache.Refresh (4ms)
				TypeCache.ScanAssembly (0ms)
			ScanForSourceGeneratedMonoScriptInfo (0ms)
			ResolveRequiredComponents (2ms)
	FinalizeReload (474ms)
		ReleaseScriptCaches (0ms)
		RebuildScriptCaches (0ms)
		SetupLoadedEditorAssemblies (220ms)
			LogAssemblyErrors (0ms)
			InitializePlatformSupportModulesInManaged (4ms)
			SetLoadedEditorAssemblies (2ms)
			RefreshPlugins (0ms)
			BeforeProcessingInitializeOnLoad (34ms)
			ProcessInitializeOnLoadAttributes (164ms)
			ProcessInitializeOnLoadMethodAttributes (11ms)
			AfterProcessingInitializeOnLoad (4ms)
			EditorAssembliesLoaded (0ms)
		ExecutionOrderSort2 (0ms)
		AwakeInstancesAfterBackupRestoration (4ms)
Refreshing native plugins compatible for Editor in 2.53 ms, found 3 plugins.
Preloading 0 native plugins for Editor in 0.00 ms.
Unloading 3529 Unused Serialized files (Serialized files now loaded: 0)
Unloading 29 unused Assets / (373.7 KB). Loaded Objects now: 4055.
Memory consumption went from 148.6 MB to 148.2 MB.
Total: 2.186600 ms (FindLiveObjects: 0.150500 ms CreateObjectMapping: 0.047900 ms MarkObjects: 1.870600 ms  DeleteObjects: 0.116700 ms)

Prepare: number of updated asset objects reloaded= 0
AssetImportParameters requested are different than current active one (requested -> active):
  custom:container-demuxer-ogg: 62fdf1f143b41e24485cea50d1cbac27 -> 
  custom:video-codec-MediaFoundation-h265: 746d11721c4dcdbdad8f713fa42b33f4 -> 
  custom:video-decoder-ogg-theora: a1e56fd34408186e4bbccfd4996cb3dc -> 
  custom:framework-win-MediaFoundation: 216162199b28c13a410421893ffa2e32 -> 
  custom:CustomObjectIndexerAttribute: 6d391050e5a25f67b0a2c618074f2cd9 -> 
  custom:container-demuxer-webm: 4f35f7cbe854078d1ac9338744f61a02 -> 
  custom:container-muxer-webm: aa71ff27fc2769a1b78a27578f13a17b -> 
  custom:video-decoder-webm-vp8: 9c59270c3fd7afecdb556c50c9e8de78 -> 
  custom:SearchIndexIgnoredProperties: e643bd26f0fe6173181afceb89e7c659 -> 
  custom:AudioImporter_EditorPlatform: d09bf68614088b80899f8185d706f6e7 -> 
  custom:video-encoder-webm-vp8: eb34c28f22e8b96e1ab97ce403110664 -> 
  custom:audio-decoder-ogg-vorbis: bf7c407c2cedff20999df2af8eb42d56 -> 
  custom:audio-encoder-webm-vorbis: bf7c407c2cedff20999df2af8eb42d56 -> 
========================================================================
Received Import Request.
  Time since last request: 172781.470791 seconds.
  path: Assets/Sun_Temple/Prefabs/Buildings_Prefabbed/Bld_FishingShack_A.prefab
  artifactKey: Guid(566d44db659135244bb747461939124c) Importer(815301076,1909f56bfc062723c751e8b465ee728b)
Start importing Assets/Sun_Temple/Prefabs/Buildings_Prefabbed/Bld_FishingShack_A.prefab using Guid(566d44db659135244bb747461939124c) Importer(815301076,1909f56bfc062723c751e8b465ee728b)  -> (artifact id: 'caf735f85d88c7b3197d02ac61558086') in 0.157305 seconds
Number of updated asset objects reloaded before import = 0
Number of asset objects unloaded after import = 167
========================================================================
Received Import Request.
  Time since last request: 0.000011 seconds.
  path: Assets/Sun_Temple/Prefabs/Buildings_Prefabbed/Bld_Medium_D.prefab
  artifactKey: Guid(54ac5b965bd68f94d8c922e237edf80c) Importer(815301076,1909f56bfc062723c751e8b465ee728b)
Start importing Assets/Sun_Temple/Prefabs/Buildings_Prefabbed/Bld_Medium_D.prefab using Guid(54ac5b965bd68f94d8c922e237edf80c) Importer(815301076,1909f56bfc062723c751e8b465ee728b)  -> (artifact id: '6b6003369e9e99c7a72eff9cc2fd3940') in 0.092956 seconds
Number of updated asset objects reloaded before import = 0
Number of asset objects unloaded after import = 526
========================================================================
Received Import Request.
  Time since last request: 0.000016 seconds.
  path: Assets/Sun_Temple/Prefabs/Buildings_Prefabbed/Bld_TempleTower_A.prefab
  artifactKey: Guid(d7ee4527d33b47e46a18d28bd8dea53b) Importer(815301076,1909f56bfc062723c751e8b465ee728b)
Start importing Assets/Sun_Temple/Prefabs/Buildings_Prefabbed/Bld_TempleTower_A.prefab using Guid(d7ee4527d33b47e46a18d28bd8dea53b) Importer(815301076,1909f56bfc062723c751e8b465ee728b)  -> (artifact id: 'c2b5f026adc7d2774e0f1abba0ca457a') in 0.107677 seconds
Number of updated asset objects reloaded before import = 0
Number of asset objects unloaded after import = 287
========================================================================
Received Import Request.
  Time since last request: 0.000021 seconds.
  path: Assets/Sun_Temple/Prefabs/Buildings_Prefabbed/Bld_Medium_B_Interior_A.prefab
  artifactKey: Guid(b715b1a6b338fa04eb1708f2b76bc901) Importer(815301076,1909f56bfc062723c751e8b465ee728b)
Start importing Assets/Sun_Temple/Prefabs/Buildings_Prefabbed/Bld_Medium_B_Interior_A.prefab using Guid(b715b1a6b338fa04eb1708f2b76bc901) Importer(815301076,1909f56bfc062723c751e8b465ee728b)  -> (artifact id: '6848b15ddef82f5f3f3f2cfccab84f50') in 0.395688 seconds
Number of updated asset objects reloaded before import = 0
Number of asset objects unloaded after import = 2722
========================================================================
Received Import Request.
  Time since last request: 0.000020 seconds.
  path: Assets/Sun_Temple/Prefabs/Buildings_Prefabbed/Bld_Medium_C_Interior_A.prefab
  artifactKey: Guid(1a0ba17852dd86745ace6a84d64970d0) Importer(815301076,1909f56bfc062723c751e8b465ee728b)
Start importing Assets/Sun_Temple/Prefabs/Buildings_Prefabbed/Bld_Medium_C_Interior_A.prefab using Guid(1a0ba17852dd86745ace6a84d64970d0) Importer(815301076,1909f56bfc062723c751e8b465ee728b)  -> (artifact id: 'c4577e64c2ec4622724aeea4a2a1ea81') in 0.260821 seconds
Number of updated asset objects reloaded before import = 0
Number of asset objects unloaded after import = 2325
========================================================================
Received Import Request.
  Time since last request: 0.000024 seconds.
  path: Assets/Sun_Temple/Prefabs/Buildings_Prefabbed/Bld_FishingShack_B_Interior_A.prefab
  artifactKey: Guid(a47d5a7cdb311b242bed64d10900e570) Importer(815301076,1909f56bfc062723c751e8b465ee728b)
Start importing Assets/Sun_Temple/Prefabs/Buildings_Prefabbed/Bld_FishingShack_B_Interior_A.prefab using Guid(a47d5a7cdb311b242bed64d10900e570) Importer(815301076,1909f56bfc062723c751e8b465ee728b)  -> (artifact id: 'b07d60dff21e771a390c786b17d95f9c') in 0.092730 seconds
Number of updated asset objects reloaded before import = 0
Number of asset objects unloaded after import = 1089
========================================================================
Received Import Request.
  Time since last request: 0.000014 seconds.
  path: Assets/Sun_Temple/Prefabs/Buildings_Prefabbed/Bld_LongTriangular_B_Hollow.prefab
  artifactKey: Guid(48d05d90ace0eae4da1923dbb025ce62) Importer(815301076,1909f56bfc062723c751e8b465ee728b)
Start importing Assets/Sun_Temple/Prefabs/Buildings_Prefabbed/Bld_LongTriangular_B_Hollow.prefab using Guid(48d05d90ace0eae4da1923dbb025ce62) Importer(815301076,1909f56bfc062723c751e8b465ee728b)  -> (artifact id: '6ee0ba8189bb2b4d31055fa9df91bbc5') in 0.120847 seconds
Number of updated asset objects reloaded before import = 0
Number of asset objects unloaded after import = 331
========================================================================
Received Import Request.
  Time since last request: 0.000014 seconds.
  path: Assets/Sun_Temple/Prefabs/Buildings_Prefabbed/Bld_Square_C_Hollow.prefab
  artifactKey: Guid(121f8bbe2707004469d31dd348fc4ea5) Importer(815301076,1909f56bfc062723c751e8b465ee728b)
Start importing Assets/Sun_Temple/Prefabs/Buildings_Prefabbed/Bld_Square_C_Hollow.prefab using Guid(121f8bbe2707004469d31dd348fc4ea5) Importer(815301076,1909f56bfc062723c751e8b465ee728b)  -> (artifact id: 'e1ae9e64c486845cad9a1f4fc140a271') in 0.113702 seconds
Number of updated asset objects reloaded before import = 0
Number of asset objects unloaded after import = 357
========================================================================
Received Import Request.
  Time since last request: 0.000024 seconds.
  path: Assets/Sun_Temple/Prefabs/Buildings_Prefabbed/Bld_Tall_B_Hollow.prefab
  artifactKey: Guid(74b8eb9c922553144bfd1349a5e35ae8) Importer(815301076,1909f56bfc062723c751e8b465ee728b)
Start importing Assets/Sun_Temple/Prefabs/Buildings_Prefabbed/Bld_Tall_B_Hollow.prefab using Guid(74b8eb9c922553144bfd1349a5e35ae8) Importer(815301076,1909f56bfc062723c751e8b465ee728b)  -> (artifact id: '723cb3aa12a846867ed4efca443b9976') in 0.158161 seconds
Number of updated asset objects reloaded before import = 0
Number of asset objects unloaded after import = 677
========================================================================
Received Import Request.
  Time since last request: 0.000017 seconds.
  path: Assets/Sun_Temple/Prefabs/Buildings_Prefabbed/Bld_Tall_A_Interior_A.prefab
  artifactKey: Guid(30b5d527c1bc7a841af763dbc3d8f567) Importer(815301076,1909f56bfc062723c751e8b465ee728b)
Start importing Assets/Sun_Temple/Prefabs/Buildings_Prefabbed/Bld_Tall_A_Interior_A.prefab using Guid(30b5d527c1bc7a841af763dbc3d8f567) Importer(815301076,1909f56bfc062723c751e8b465ee728b)  -> (artifact id: 'c03e949e4c525ae9c1ac6b6149e699af') in 0.380968 seconds
Number of updated asset objects reloaded before import = 0
Number of asset objects unloaded after import = 5007
========================================================================
Received Import Request.
  Time since last request: 0.000016 seconds.
  path: Assets/Sun_Temple/Prefabs/Buildings_Prefabbed/Bld_Rectangular_B_Interior_A.prefab
  artifactKey: Guid(5e4ec2bbf6cff174bbde8650756051a8) Importer(815301076,1909f56bfc062723c751e8b465ee728b)
Start importing Assets/Sun_Temple/Prefabs/Buildings_Prefabbed/Bld_Rectangular_B_Interior_A.prefab using Guid(5e4ec2bbf6cff174bbde8650756051a8) Importer(815301076,1909f56bfc062723c751e8b465ee728b)  -> (artifact id: 'b234fa2c51fbcbb1779e4942bf22e74f') in 0.167409 seconds
Number of updated asset objects reloaded before import = 0
Number of asset objects unloaded after import = 5993
========================================================================
Received Import Request.
  Time since last request: 0.000027 seconds.
  path: Assets/Sun_Temple/Prefabs/Buildings_Prefabbed/Bld_FishingShack_B.prefab
  artifactKey: Guid(30bc08731236a7144b912e18c0f9f9c9) Importer(815301076,1909f56bfc062723c751e8b465ee728b)
Start importing Assets/Sun_Temple/Prefabs/Buildings_Prefabbed/Bld_FishingShack_B.prefab using Guid(30bc08731236a7144b912e18c0f9f9c9) Importer(815301076,1909f56bfc062723c751e8b465ee728b)  -> (artifact id: '8f0b4c92f43dd6f7693da05f0e65357e') in 0.072024 seconds
Number of updated asset objects reloaded before import = 0
Number of asset objects unloaded after import = 144
========================================================================
Received Import Request.
  Time since last request: 0.000019 seconds.
  path: Assets/Sun_Temple/Prefabs/Buildings_Prefabbed/Bld_TempleTower_B.prefab
  artifactKey: Guid(bdd7fd4cc0cf1bd469f6f6f11df531ed) Importer(815301076,1909f56bfc062723c751e8b465ee728b)
Start importing Assets/Sun_Temple/Prefabs/Buildings_Prefabbed/Bld_TempleTower_B.prefab using Guid(bdd7fd4cc0cf1bd469f6f6f11df531ed) Importer(815301076,1909f56bfc062723c751e8b465ee728b)  -> (artifact id: '81e026cd40d4cb00b4c93efd8284bd0d') in 0.195047 seconds
Number of updated asset objects reloaded before import = 0
Number of asset objects unloaded after import = 271
========================================================================
Received Import Request.
  Time since last request: 0.000023 seconds.
  path: Assets/Sun_Temple/Prefabs/Buildings_Prefabbed/Bld_Medium_B_Hollow.prefab
  artifactKey: Guid(93e168441ac738c4594febe665b743a9) Importer(815301076,1909f56bfc062723c751e8b465ee728b)
Start importing Assets/Sun_Temple/Prefabs/Buildings_Prefabbed/Bld_Medium_B_Hollow.prefab using Guid(93e168441ac738c4594febe665b743a9) Importer(815301076,1909f56bfc062723c751e8b465ee728b)  -> (artifact id: '65756efad1841e5675eeac04aaff2078') in 0.095054 seconds
Number of updated asset objects reloaded before import = 0
Number of asset objects unloaded after import = 377
========================================================================
Received Import Request.
  Time since last request: 0.000038 seconds.
  path: Assets/Sun_Temple/Prefabs/Buildings_Prefabbed/Bld_Tall_A_Hollow.prefab
  artifactKey: Guid(74f1de459c13681498c8c88cb560bc90) Importer(815301076,1909f56bfc062723c751e8b465ee728b)
Start importing Assets/Sun_Temple/Prefabs/Buildings_Prefabbed/Bld_Tall_A_Hollow.prefab using Guid(74f1de459c13681498c8c88cb560bc90) Importer(815301076,1909f56bfc062723c751e8b465ee728b)  -> (artifact id: '66dc8abf8f0d20850bc3dfe255249723') in 0.057414 seconds
Number of updated asset objects reloaded before import = 0
Number of asset objects unloaded after import = 461
========================================================================
Received Import Request.
  Time since last request: 0.000017 seconds.
  path: Assets/Sun_Temple/Prefabs/Buildings_Prefabbed/Bld_LongTriangular_B_Interior_A.prefab
  artifactKey: Guid(7c202d8cd54543b4487d577b8919ffee) Importer(815301076,1909f56bfc062723c751e8b465ee728b)
Start importing Assets/Sun_Temple/Prefabs/Buildings_Prefabbed/Bld_LongTriangular_B_Interior_A.prefab using Guid(7c202d8cd54543b4487d577b8919ffee) Importer(815301076,1909f56bfc062723c751e8b465ee728b)  -> (artifact id: 'd57da64a8ee2844c173210c7dca1e80d') in 0.119052 seconds
Number of updated asset objects reloaded before import = 0
Number of asset objects unloaded after import = 2810
========================================================================
Received Import Request.
  Time since last request: 0.000016 seconds.
  path: Assets/Sun_Temple/Prefabs/Buildings_Prefabbed/Bld_LongTriangular_A_Hollow.prefab
  artifactKey: Guid(3603a2c33fc769f42b99104b3b2c6136) Importer(815301076,1909f56bfc062723c751e8b465ee728b)
Start importing Assets/Sun_Temple/Prefabs/Buildings_Prefabbed/Bld_LongTriangular_A_Hollow.prefab using Guid(3603a2c33fc769f42b99104b3b2c6136) Importer(815301076,1909f56bfc062723c751e8b465ee728b)  -> (artifact id: '9143d7fbcabe9ce7df8d903f871027ef') in 0.058290 seconds
Number of updated asset objects reloaded before import = 0
Number of asset objects unloaded after import = 271
========================================================================
Received Import Request.
  Time since last request: 0.000015 seconds.
  path: Assets/Sun_Temple/Prefabs/Buildings_Prefabbed/Bld_Medium_B.prefab
  artifactKey: Guid(c3743e452d8187b43b7dc64db7a4ba63) Importer(815301076,1909f56bfc062723c751e8b465ee728b)
Start importing Assets/Sun_Temple/Prefabs/Buildings_Prefabbed/Bld_Medium_B.prefab using Guid(c3743e452d8187b43b7dc64db7a4ba63) Importer(815301076,1909f56bfc062723c751e8b465ee728b)  -> (artifact id: '5947eaff63c85271b1a73dc1d15d1f9f') in 0.063664 seconds
Number of updated asset objects reloaded before import = 0
Number of asset objects unloaded after import = 425
========================================================================
Received Import Request.
  Time since last request: 0.000021 seconds.
  path: Assets/Sun_Temple/Prefabs/Buildings_Prefabbed/Bld_LongTriangular_A_Interior_A.prefab
  artifactKey: Guid(172be243f1a20af458b71a26294be8e5) Importer(815301076,1909f56bfc062723c751e8b465ee728b)
Start importing Assets/Sun_Temple/Prefabs/Buildings_Prefabbed/Bld_LongTriangular_A_Interior_A.prefab using Guid(172be243f1a20af458b71a26294be8e5) Importer(815301076,1909f56bfc062723c751e8b465ee728b)  -> (artifact id: '30c457c025a058d4563cf483b6f4f1d8') in 0.099200 seconds
Number of updated asset objects reloaded before import = 0
Number of asset objects unloaded after import = 3248
========================================================================
Received Import Request.
  Time since last request: 0.000017 seconds.
  path: Assets/Sun_Temple/Prefabs/Buildings_Prefabbed/Bld_Rectangular_A.prefab
  artifactKey: Guid(5e56ed7576c01204baff1a9bc46e124f) Importer(815301076,1909f56bfc062723c751e8b465ee728b)
Start importing Assets/Sun_Temple/Prefabs/Buildings_Prefabbed/Bld_Rectangular_A.prefab using Guid(5e56ed7576c01204baff1a9bc46e124f) Importer(815301076,1909f56bfc062723c751e8b465ee728b)  -> (artifact id: 'fa67264a5419037b9f9e04e72292c3e1') in 0.072066 seconds
Number of updated asset objects reloaded before import = 0
Number of asset objects unloaded after import = 1159
========================================================================
Received Import Request.
  Time since last request: 0.000021 seconds.
  path: Assets/Sun_Temple/Prefabs/Buildings_Prefabbed/Bld_Tall_B_Interior_A.prefab
  artifactKey: Guid(50a8bc0d342915c4f9f5644e1e38a26f) Importer(815301076,1909f56bfc062723c751e8b465ee728b)
Start importing Assets/Sun_Temple/Prefabs/Buildings_Prefabbed/Bld_Tall_B_Interior_A.prefab using Guid(50a8bc0d342915c4f9f5644e1e38a26f) Importer(815301076,1909f56bfc062723c751e8b465ee728b)  -> (artifact id: '437618325defdd55557ea8f6cd08f57a') in 0.184438 seconds
Number of updated asset objects reloaded before import = 0
Number of asset objects unloaded after import = 6130
========================================================================
Received Import Request.
  Time since last request: 0.000028 seconds.
  path: Assets/Sun_Temple/Prefabs/Buildings_Prefabbed/Bld_LongTriangular_B.prefab
  artifactKey: Guid(626ac6087a8f1244fad2fa1116df77d7) Importer(815301076,1909f56bfc062723c751e8b465ee728b)
Start importing Assets/Sun_Temple/Prefabs/Buildings_Prefabbed/Bld_LongTriangular_B.prefab using Guid(626ac6087a8f1244fad2fa1116df77d7) Importer(815301076,1909f56bfc062723c751e8b465ee728b)  -> (artifact id: '64b74bd7bebfff2ca4a1057d4ea9d961') in 0.113504 seconds
Number of updated asset objects reloaded before import = 0
Number of asset objects unloaded after import = 397
========================================================================
Received Import Request.
  Time since last request: 0.000024 seconds.
  path: Assets/Sun_Temple/Prefabs/Buildings_Prefabbed/Bld_Medium_C.prefab
  artifactKey: Guid(eecf14f5a3c167f45bb2d897c7917e9b) Importer(815301076,1909f56bfc062723c751e8b465ee728b)
Start importing Assets/Sun_Temple/Prefabs/Buildings_Prefabbed/Bld_Medium_C.prefab using Guid(eecf14f5a3c167f45bb2d897c7917e9b) Importer(815301076,1909f56bfc062723c751e8b465ee728b)  -> (artifact id: 'e004ec9b433d268095254c687b6425a3') in 0.099586 seconds
Number of updated asset objects reloaded before import = 0
Number of asset objects unloaded after import = 425
========================================================================
Received Import Request.
  Time since last request: 0.000027 seconds.
  path: Assets/Sun_Temple/Prefabs/Buildings_Prefabbed/Bld_FishingShack_B_Hollow.prefab
  artifactKey: Guid(5b568ce649a72bd4da0b413cc81c297a) Importer(815301076,1909f56bfc062723c751e8b465ee728b)
Start importing Assets/Sun_Temple/Prefabs/Buildings_Prefabbed/Bld_FishingShack_B_Hollow.prefab using Guid(5b568ce649a72bd4da0b413cc81c297a) Importer(815301076,1909f56bfc062723c751e8b465ee728b)  -> (artifact id: '2cc3c33d430cefa6b9ee2fcfd1554eec') in 0.076688 seconds
Number of updated asset objects reloaded before import = 0
Number of asset objects unloaded after import = 115
Editor requested this worker to shutdown with reason: Scaling down because of idle timeout
TcpMessagingSession - receive error: operation aborted. errorcode: 995, details: The I/O operation has been aborted because of either a thread exit or an application request.
AssetImportWorker is now disconnected from the server
Process exiting
Exiting without the bug reporter. Application will terminate with return code 0